[debug] [2022-08-14T16:01:59.030Z] ----------------------------------------------------------------------
[debug] [2022-08-14T16:01:59.032Z] Command:       C:\Program Files\nodejs\node.exe C:\Users\DLAD\AppData\Roaming\npm\node_modules\firebase-tools\lib\bin\firebase.js emulators:start
[debug] [2022-08-14T16:01:59.032Z] CLI Version:   11.6.0
[debug] [2022-08-14T16:01:59.032Z] Platform:      win32
[debug] [2022-08-14T16:01:59.032Z] Node Version:  v16.14.0
[debug] [2022-08-14T16:01:59.033Z] Time:          Sun Aug 14 2022 21:31:59 GMT+0530 (India Standard Time)
[debug] [2022-08-14T16:01:59.033Z] ----------------------------------------------------------------------
[debug] 
[debug] [2022-08-14T16:01:59.099Z] > command requires scopes: ["email","openid","https://www.googleapis.com/auth/cloudplatformprojects.readonly","https://www.googleapis.com/auth/firebase","https://www.googleapis.com/auth/cloud-platform"]
[debug] [2022-08-14T16:01:59.099Z] > authorizing via signed-in user (lakweensenathilake@gmail.com)
[info] i  emulators: Starting emulators: functions {"metadata":{"emulator":{"name":"hub"},"message":"Starting emulators: functions"}}
[debug] [2022-08-14T16:01:59.121Z] [hub] writing locator at C:\Users\DLAD\AppData\Local\Temp\hub-lms-pro-cf49c.json
[warn] !  functions: The following emulators are not running, calls to these services from the Functions emulator will affect production: auth, firestore, database, hosting, pubsub, storage, eventarc {"metadata":{"emulator":{"name":"functions"},"message":"The following emulators are not running, calls to these services from the Functions emulator will affect production: \u001b[1mauth, firestore, database, hosting, pubsub, storage, eventarc\u001b[22m"}}
[info] +  functions: Using node@16 from host. {"metadata":{"emulator":{"name":"functions"},"message":"Using node@16 from host."}}
[debug] [2022-08-14T16:01:59.150Z] defaultcredentials: writing to file C:\Users\DLAD\AppData\Roaming\firebase\lakweensenathilake_gmail_com_application_default_credentials.json
[debug] [2022-08-14T16:01:59.151Z] Setting GAC to C:\Users\DLAD\AppData\Roaming\firebase\lakweensenathilake_gmail_com_application_default_credentials.json {"metadata":{"emulator":{"name":"functions"},"message":"Setting GAC to C:\\Users\\DLAD\\AppData\\Roaming\\firebase\\lakweensenathilake_gmail_com_application_default_credentials.json"}}
[debug] [2022-08-14T16:01:59.152Z] >>> [apiv2][query] GET https://firebase.googleapis.com/v1beta1/projects/lms-pro-cf49c/adminSdkConfig [none]
[debug] [2022-08-14T16:01:59.979Z] <<< [apiv2][status] GET https://firebase.googleapis.com/v1beta1/projects/lms-pro-cf49c/adminSdkConfig 200
[debug] [2022-08-14T16:01:59.979Z] <<< [apiv2][body] GET https://firebase.googleapis.com/v1beta1/projects/lms-pro-cf49c/adminSdkConfig {"projectId":"lms-pro-cf49c","storageBucket":"lms-pro-cf49c.appspot.com","locationId":"us-central"}
[info] i  ui: downloading ui-v1.9.0.zip... {"metadata":{"emulator":{"name":"ui"},"message":"downloading ui-v1.9.0.zip..."}}
[debug] [2022-08-14T16:02:00.000Z] >>> [apiv2][query] GET https://storage.googleapis.com/firebase-preview-drop/emulator/ui-v1.9.0.zip 
[debug] [2022-08-14T16:02:00.534Z] <<< [apiv2][status] GET https://storage.googleapis.com/firebase-preview-drop/emulator/ui-v1.9.0.zip 200
[debug] [2022-08-14T16:02:00.534Z] <<< [apiv2][body] GET https://storage.googleapis.com/firebase-preview-drop/emulator/ui-v1.9.0.zip [stream]
[debug] [2022-08-14T16:02:05.505Z] Ignoring unsupported arg: auto_download {"metadata":{"emulator":{"name":"ui"},"message":"Ignoring unsupported arg: auto_download"}}
[debug] [2022-08-14T16:02:05.505Z] Ignoring unsupported arg: port {"metadata":{"emulator":{"name":"ui"},"message":"Ignoring unsupported arg: port"}}
[debug] [2022-08-14T16:02:05.505Z] Starting Emulator UI with command {"binary":"node","args":["C:\\Users\\DLAD\\.cache\\firebase\\emulators\\ui-v1.9.0\\server\\server.js"],"optionalArgs":[],"joinArgs":false} {"metadata":{"emulator":{"name":"ui"},"message":"Starting Emulator UI with command {\"binary\":\"node\",\"args\":[\"C:\\\\Users\\\\DLAD\\\\.cache\\\\firebase\\\\emulators\\\\ui-v1.9.0\\\\server\\\\server.js\"],\"optionalArgs\":[],\"joinArgs\":false}"}}
[info] i  ui: Emulator UI logging to ui-debug.log {"metadata":{"emulator":{"name":"ui"},"message":"Emulator UI logging to \u001b[1mui-debug.log\u001b[22m"}}
[debug] [2022-08-14T16:02:05.616Z] Web / API server started at localhost:4000
 {"metadata":{"emulator":{"name":"ui"},"message":"Web / API server started at localhost:4000\n"}}
[info] i  functions: Watching "C:\Users\DLAD\Desktop\private\lms\functions" for Cloud Functions... {"metadata":{"emulator":{"name":"functions"},"message":"Watching \"C:\\Users\\DLAD\\Desktop\\private\\lms\\functions\" for Cloud Functions..."}}
[debug] [2022-08-14T16:02:05.788Z] Validating nodejs source
[debug] [2022-08-14T16:02:07.745Z] > [functions] package.json contents: {
  "name": "functions",
  "description": "Cloud Functions for Firebase",
  "scripts": {
    "lint": "eslint .",
    "serve": "firebase emulators:start --only functions",
    "shell": "firebase functions:shell",
    "start": "npm run shell",
    "deploy": "firebase deploy --only functions",
    "logs": "firebase functions:log"
  },
  "engines": {
    "node": "16"
  },
  "main": "index.js",
  "dependencies": {
    "firebase-admin": "^10.0.2",
    "firebase-functions": "^3.18.0"
  },
  "devDependencies": {
    "eslint": "^8.9.0",
    "eslint-config-google": "^0.14.0",
    "firebase-functions-test": "^0.2.0"
  },
  "private": true
}
[debug] [2022-08-14T16:02:07.745Z] Building nodejs source
[debug] [2022-08-14T16:02:07.745Z] Analyzing nodejs backend spec
[debug] [2022-08-14T16:02:07.747Z] Could not find functions.yaml. Must use http discovery
[debug] [2022-08-14T16:02:07.926Z] Serving at port 9005

[debug] [2022-08-14T16:02:07.973Z] Got response from /__/functions.yaml {"endpoints":{"addMessage":{"platform":"gcfv1","httpsTrigger":{},"entryPoint":"addMessage"}},"specVersion":"v1alpha1","requiredAPIs":[]}
[debug] [2022-08-14T16:02:07.979Z] shutdown requested via /__/quitquitquit

[info] +  functions: Loaded functions definitions from source: addMessage. {"metadata":{"emulator":{"name":"functions"},"message":"Loaded functions definitions from source: addMessage."}}
[info] +  functions[us-central1-addMessage]: http function initialized (http://localhost:5001/lms-pro-cf49c/us-central1/addMessage). {"metadata":{"emulator":{"name":"functions"},"message":"\u001b[1mhttp\u001b[22m function initialized (http://localhost:5001/lms-pro-cf49c/us-central1/addMessage)."}}
[info] 
┌─────────────────────────────────────────────────────────────┐
│ ✔  All emulators ready! It is now safe to connect your app. │
│ i  View Emulator UI at http://localhost:4000                │
└─────────────────────────────────────────────────────────────┘

┌───────────┬────────────────┬─────────────────────────────────┐
│ Emulator  │ Host:Port      │ View in Emulator UI             │
├───────────┼────────────────┼─────────────────────────────────┤
│ Functions │ localhost:5001 │ http://localhost:4000/functions │
└───────────┴────────────────┴─────────────────────────────────┘
  Emulator Hub running at localhost:4400
  Other reserved ports: 4500

Issues? Report them at https://github.com/firebase/firebase-tools/issues and attach the *-debug.log files.
 
[debug] [2022-08-14T16:04:02.874Z] [work-queue] {"queueLength":1,"workRunningCount":0}
[debug] [2022-08-14T16:04:02.875Z] [work-queue] {"queueLength":0,"workRunningCount":1}
[debug] [2022-08-14T16:04:02.875Z] Accepted request GET /lms-pro-cf49c/us-central1/addMessage --> us-central1-addMessage
[debug] [2022-08-14T16:04:02.886Z] [worker-pool] addWorker(us-central1-addMessage) {"metadata":{"emulator":{"name":"functions"},"message":"[worker-pool] addWorker(us-central1-addMessage)"}}
[debug] [2022-08-14T16:04:02.886Z] [worker-pool] Adding worker with key us-central1-addMessage, total=1 {"metadata":{"emulator":{"name":"functions"},"message":"[worker-pool] Adding worker with key us-central1-addMessage, total=1"}}
[debug] [2022-08-14T16:04:02.886Z] [worker-pool] submitWork(triggerId=us-central1-addMessage) {"metadata":{"emulator":{"name":"functions"},"message":"[worker-pool] submitWork(triggerId=us-central1-addMessage)"}}
[debug] [2022-08-14T16:04:02.887Z] [worker-us-central1-addMessage-db1f7cae-3fa3-4324-a570-55e2e6728565]: BUSY {"metadata":{"emulator":{"name":"functions"},"message":"[worker-us-central1-addMessage-db1f7cae-3fa3-4324-a570-55e2e6728565]: BUSY"}}
[debug] [2022-08-14T16:04:03.692Z] [runtime-status] [5944] Resolved module firebase-admin {"declared":true,"installed":true,"version":"10.3.0","resolution":"C:\\Users\\DLAD\\Desktop\\private\\lms\\functions\\node_modules\\firebase-admin\\lib\\index.js"} {"metadata":{"emulator":{"name":"functions"},"function":{"name":"us-central1-addMessage"},"extension":{},"message":"[runtime-status] [5944] Resolved module firebase-admin {\"declared\":true,\"installed\":true,\"version\":\"10.3.0\",\"resolution\":\"C:\\\\Users\\\\DLAD\\\\Desktop\\\\private\\\\lms\\\\functions\\\\node_modules\\\\firebase-admin\\\\lib\\\\index.js\"}"}}
[debug] [2022-08-14T16:04:03.692Z] [runtime-status] [5944] Resolved module firebase-functions {"declared":true,"installed":true,"version":"3.22.0","resolution":"C:\\Users\\DLAD\\Desktop\\private\\lms\\functions\\node_modules\\firebase-functions\\lib\\index.js"} {"metadata":{"emulator":{"name":"functions"},"function":{"name":"us-central1-addMessage"},"extension":{},"message":"[runtime-status] [5944] Resolved module firebase-functions {\"declared\":true,\"installed\":true,\"version\":\"3.22.0\",\"resolution\":\"C:\\\\Users\\\\DLAD\\\\Desktop\\\\private\\\\lms\\\\functions\\\\node_modules\\\\firebase-functions\\\\lib\\\\index.js\"}"}}
[debug] [2022-08-14T16:04:03.693Z] [runtime-status] [5944] Outgoing network have been stubbed. [{"name":"http","status":"mocked"},{"name":"http","status":"mocked"},{"name":"https","status":"mocked"},{"name":"https","status":"mocked"},{"name":"net","status":"mocked"}] {"metadata":{"emulator":{"name":"functions"},"function":{"name":"us-central1-addMessage"},"extension":{},"message":"[runtime-status] [5944] Outgoing network have been stubbed. [{\"name\":\"http\",\"status\":\"mocked\"},{\"name\":\"http\",\"status\":\"mocked\"},{\"name\":\"https\",\"status\":\"mocked\"},{\"name\":\"https\",\"status\":\"mocked\"},{\"name\":\"net\",\"status\":\"mocked\"}]"}}
[debug] [2022-08-14T16:04:03.695Z] [runtime-status] [5944] Resolved module firebase-functions {"declared":true,"installed":true,"version":"3.22.0","resolution":"C:\\Users\\DLAD\\Desktop\\private\\lms\\functions\\node_modules\\firebase-functions\\lib\\index.js"} {"metadata":{"emulator":{"name":"functions"},"function":{"name":"us-central1-addMessage"},"extension":{},"message":"[runtime-status] [5944] Resolved module firebase-functions {\"declared\":true,\"installed\":true,\"version\":\"3.22.0\",\"resolution\":\"C:\\\\Users\\\\DLAD\\\\Desktop\\\\private\\\\lms\\\\functions\\\\node_modules\\\\firebase-functions\\\\lib\\\\index.js\"}"}}
[debug] [2022-08-14T16:04:03.728Z] [runtime-status] [5944] Checked functions.config() {"config":{}} {"metadata":{"emulator":{"name":"functions"},"function":{"name":"us-central1-addMessage"},"extension":{},"message":"[runtime-status] [5944] Checked functions.config() {\"config\":{}}"}}
[debug] [2022-08-14T16:04:03.728Z] [runtime-status] [5944] firebase-functions has been stubbed. {"functionsResolution":{"declared":true,"installed":true,"version":"3.22.0","resolution":"C:\\Users\\DLAD\\Desktop\\private\\lms\\functions\\node_modules\\firebase-functions\\lib\\index.js"}} {"metadata":{"emulator":{"name":"functions"},"function":{"name":"us-central1-addMessage"},"extension":{},"message":"[runtime-status] [5944] firebase-functions has been stubbed. {\"functionsResolution\":{\"declared\":true,\"installed\":true,\"version\":\"3.22.0\",\"resolution\":\"C:\\\\Users\\\\DLAD\\\\Desktop\\\\private\\\\lms\\\\functions\\\\node_modules\\\\firebase-functions\\\\lib\\\\index.js\"}}"}}
[debug] [2022-08-14T16:04:03.729Z] [runtime-status] [5944] Resolved module firebase-functions {"declared":true,"installed":true,"version":"3.22.0","resolution":"C:\\Users\\DLAD\\Desktop\\private\\lms\\functions\\node_modules\\firebase-functions\\lib\\index.js"} {"metadata":{"emulator":{"name":"functions"},"function":{"name":"us-central1-addMessage"},"extension":{},"message":"[runtime-status] [5944] Resolved module firebase-functions {\"declared\":true,\"installed\":true,\"version\":\"3.22.0\",\"resolution\":\"C:\\\\Users\\\\DLAD\\\\Desktop\\\\private\\\\lms\\\\functions\\\\node_modules\\\\firebase-functions\\\\lib\\\\index.js\"}"}}
[debug] [2022-08-14T16:04:03.730Z] [runtime-status] [5944] Resolved module firebase-admin {"declared":true,"installed":true,"version":"10.3.0","resolution":"C:\\Users\\DLAD\\Desktop\\private\\lms\\functions\\node_modules\\firebase-admin\\lib\\index.js"} {"metadata":{"emulator":{"name":"functions"},"function":{"name":"us-central1-addMessage"},"extension":{},"message":"[runtime-status] [5944] Resolved module firebase-admin {\"declared\":true,\"installed\":true,\"version\":\"10.3.0\",\"resolution\":\"C:\\\\Users\\\\DLAD\\\\Desktop\\\\private\\\\lms\\\\functions\\\\node_modules\\\\firebase-admin\\\\lib\\\\index.js\"}"}}
[debug] [2022-08-14T16:04:03.730Z] [runtime-status] [5944] Resolved module firebase-functions {"declared":true,"installed":true,"version":"3.22.0","resolution":"C:\\Users\\DLAD\\Desktop\\private\\lms\\functions\\node_modules\\firebase-functions\\lib\\index.js"} {"metadata":{"emulator":{"name":"functions"},"function":{"name":"us-central1-addMessage"},"extension":{},"message":"[runtime-status] [5944] Resolved module firebase-functions {\"declared\":true,\"installed\":true,\"version\":\"3.22.0\",\"resolution\":\"C:\\\\Users\\\\DLAD\\\\Desktop\\\\private\\\\lms\\\\functions\\\\node_modules\\\\firebase-functions\\\\lib\\\\index.js\"}"}}
[debug] [2022-08-14T16:04:03.730Z] [runtime-status] [5944] firebase-admin has been stubbed. {"adminResolution":{"declared":true,"installed":true,"version":"10.3.0","resolution":"C:\\Users\\DLAD\\Desktop\\private\\lms\\functions\\node_modules\\firebase-admin\\lib\\index.js"}} {"metadata":{"emulator":{"name":"functions"},"function":{"name":"us-central1-addMessage"},"extension":{},"message":"[runtime-status] [5944] firebase-admin has been stubbed. {\"adminResolution\":{\"declared\":true,\"installed\":true,\"version\":\"10.3.0\",\"resolution\":\"C:\\\\Users\\\\DLAD\\\\Desktop\\\\private\\\\lms\\\\functions\\\\node_modules\\\\firebase-admin\\\\lib\\\\index.js\"}}"}}
[debug] [2022-08-14T16:04:03.731Z] [runtime-status] [5944] Functions runtime initialized. {"cwd":"C:\\Users\\DLAD\\Desktop\\private\\lms\\functions","node_version":"16.14.0"} {"metadata":{"emulator":{"name":"functions"},"function":{"name":"us-central1-addMessage"},"extension":{},"message":"[runtime-status] [5944] Functions runtime initialized. {\"cwd\":\"C:\\\\Users\\\\DLAD\\\\Desktop\\\\private\\\\lms\\\\functions\",\"node_version\":\"16.14.0\"}"}}
[debug] [2022-08-14T16:04:03.733Z] [runtime-status] [5944] initializeApp(DEFAULT) {"storageBucket":"lms-pro-cf49c.appspot.com","projectId":"lms-pro-cf49c"} {"metadata":{"emulator":{"name":"functions"},"function":{"name":"us-central1-addMessage"},"extension":{},"message":"[runtime-status] [5944] initializeApp(DEFAULT) {\"storageBucket\":\"lms-pro-cf49c.appspot.com\",\"projectId\":\"lms-pro-cf49c\"}"}}
[debug] [2022-08-14T16:04:03.733Z] [runtime-status] [5944] Beginning invocation function addMessage! {"metadata":{"emulator":{"name":"functions"},"function":{"name":"us-central1-addMessage"},"extension":{},"message":"[runtime-status] [5944] Beginning invocation function addMessage!"}}
[info] i  functions: Beginning execution of "addMessage" {"metadata":{"emulator":{"name":"functions"},"function":{"name":"us-central1-addMessage"},"extension":{},"message":"Beginning execution of \"addMessage\""}}
[debug] [2022-08-14T16:04:03.734Z] [runtime-status] [5944] Running addMessage in signature http {"metadata":{"emulator":{"name":"functions"},"function":{"name":"us-central1-addMessage"},"extension":{},"message":"[runtime-status] [5944] Running addMessage in signature http"}}
[debug] [2022-08-14T16:04:03.737Z] [runtime-status] [5944] Listening to port: \\?\pipe\fire_emu_638f0e50af3bc80b {"metadata":{"emulator":{"name":"functions"},"function":{"name":"us-central1-addMessage"},"extension":{},"message":"[runtime-status] [5944] Listening to port: \\\\?\\pipe\\fire_emu_638f0e50af3bc80b"}}
[debug] [2022-08-14T16:04:03.771Z] [functions] Runtime ready! Sending request! {"metadata":{"emulator":{"name":"functions"},"message":"[functions] Runtime ready! Sending request!"}}
[debug] [2022-08-14T16:04:03.771Z] [functions] Got req.url=/lms-pro-cf49c/us-central1/addMessage, mapping to path=/ {"metadata":{"emulator":{"name":"functions"},"message":"[functions] Got req.url=/lms-pro-cf49c/us-central1/addMessage, mapping to path=/"}}
[debug] [2022-08-14T16:04:03.780Z] [runtime-status] [5944] Ephemeral server handling GET request {"metadata":{"emulator":{"name":"functions"},"function":{"name":"us-central1-addMessage"},"extension":{},"message":"[runtime-status] [5944] Ephemeral server handling GET request"}}
[warn] !  functions: The Cloud Firestore emulator is not running, so calls to Firestore will affect production. {"metadata":{"emulator":{"name":"functions"},"function":{"name":"us-central1-addMessage"},"extension":{},"message":"The Cloud Firestore emulator is not running, so calls to Firestore will affect production."}}
[debug] [2022-08-14T16:04:03.799Z] [runtime-status] [5944] Ephemeral server survived. {"metadata":{"emulator":{"name":"functions"},"function":{"name":"us-central1-addMessage"},"extension":{},"message":"[runtime-status] [5944] Ephemeral server survived."}}
[warn] !  functions: Error: Value for argument "data" is not a valid Firestore document. Cannot use "undefined" as a Firestore value (found in field "original"). If you want to ignore undefined values, enable `ignoreUndefinedProperties`.
    at validateUserInput (C:\Users\DLAD\Desktop\private\lms\functions\node_modules\@google-cloud\firestore\build\src\serializer.js:277:19)
    at Object.validateUserInput (C:\Users\DLAD\Desktop\private\lms\functions\node_modules\@google-cloud\firestore\build\src\serializer.js:269:13)
    at Object.validateDocumentData (C:\Users\DLAD\Desktop\private\lms\functions\node_modules\@google-cloud\firestore\build\src\write-batch.js:588:18)
    at CollectionReference.add (C:\Users\DLAD\Desktop\private\lms\functions\node_modules\@google-cloud\firestore\build\src\reference.js:2087:23)
    at C:\Users\DLAD\Desktop\private\lms\functions\index.js:17:72
    at cloudFunction (C:\Users\DLAD\Desktop\private\lms\functions\node_modules\firebase-functions\lib\providers\https.js:50:16)
    at C:\Users\DLAD\AppData\Roaming\npm\node_modules\firebase-tools\lib\emulator\functionsEmulatorRuntime.js:592:16
    at runFunction (C:\Users\DLAD\AppData\Roaming\npm\node_modules\firebase-tools\lib\emulator\functionsEmulatorRuntime.js:565:15)
    at runHTTPS (C:\Users\DLAD\AppData\Roaming\npm\node_modules\firebase-tools\lib\emulator\functionsEmulatorRuntime.js:591:11)
    at C:\Users\DLAD\AppData\Roaming\npm\node_modules\firebase-tools\lib\emulator\functionsEmulatorRuntime.js:534:23 {"metadata":{"emulator":{"name":"functions"},"function":{"name":"us-central1-addMessage"},"extension":{},"message":"Error: Value for argument \"data\" is not a valid Firestore document. Cannot use \"undefined\" as a Firestore value (found in field \"original\"). If you want to ignore undefined values, enable `ignoreUndefinedProperties`.\n    at validateUserInput (C:\\Users\\DLAD\\Desktop\\private\\lms\\functions\\node_modules\\@google-cloud\\firestore\\build\\src\\serializer.js:277:19)\n    at Object.validateUserInput (C:\\Users\\DLAD\\Desktop\\private\\lms\\functions\\node_modules\\@google-cloud\\firestore\\build\\src\\serializer.js:269:13)\n    at Object.validateDocumentData (C:\\Users\\DLAD\\Desktop\\private\\lms\\functions\\node_modules\\@google-cloud\\firestore\\build\\src\\write-batch.js:588:18)\n    at CollectionReference.add (C:\\Users\\DLAD\\Desktop\\private\\lms\\functions\\node_modules\\@google-cloud\\firestore\\build\\src\\reference.js:2087:23)\n    at C:\\Users\\DLAD\\Desktop\\private\\lms\\functions\\index.js:17:72\n    at cloudFunction (C:\\Users\\DLAD\\Desktop\\private\\lms\\functions\\node_modules\\firebase-functions\\lib\\providers\\https.js:50:16)\n    at C:\\Users\\DLAD\\AppData\\Roaming\\npm\\node_modules\\firebase-tools\\lib\\emulator\\functionsEmulatorRuntime.js:592:16\n    at runFunction (C:\\Users\\DLAD\\AppData\\Roaming\\npm\\node_modules\\firebase-tools\\lib\\emulator\\functionsEmulatorRuntime.js:565:15)\n    at runHTTPS (C:\\Users\\DLAD\\AppData\\Roaming\\npm\\node_modules\\firebase-tools\\lib\\emulator\\functionsEmulatorRuntime.js:591:11)\n    at C:\\Users\\DLAD\\AppData\\Roaming\\npm\\node_modules\\firebase-tools\\lib\\emulator\\functionsEmulatorRuntime.js:534:23"}}
[warn] !  Your function was killed because it raised an unhandled error. {"metadata":{"emulator":{"name":"functions"},"function":{"name":"us-central1-addMessage"},"extension":{},"message":"Your function was killed because it raised an unhandled error."}}
[debug] [2022-08-14T16:04:03.813Z] [worker-us-central1-addMessage-db1f7cae-3fa3-4324-a570-55e2e6728565]: exited {"metadata":{"emulator":{"name":"functions"},"message":"[worker-us-central1-addMessage-db1f7cae-3fa3-4324-a570-55e2e6728565]: exited"}}
[debug] [2022-08-14T16:04:03.814Z] [worker-us-central1-addMessage-db1f7cae-3fa3-4324-a570-55e2e6728565]: FINISHED {"metadata":{"emulator":{"name":"functions"},"message":"[worker-us-central1-addMessage-db1f7cae-3fa3-4324-a570-55e2e6728565]: FINISHED"}}
[debug] [2022-08-14T16:04:03.814Z] [work-queue] {"queueLength":0,"workRunningCount":0}
[debug] [2022-08-14T16:06:38.707Z] [work-queue] {"queueLength":1,"workRunningCount":0}
[debug] [2022-08-14T16:06:38.707Z] [work-queue] {"queueLength":0,"workRunningCount":1}
[debug] [2022-08-14T16:06:38.708Z] Accepted request POST /lms-pro-cf49c/us-central1/addMessage?text='sdsd' --> us-central1-addMessage
[debug] [2022-08-14T16:06:38.708Z] [worker-pool] Cleaned up workers for us-central1-addMessage: 1 --> 0 {"metadata":{"emulator":{"name":"functions"},"message":"[worker-pool] Cleaned up workers for us-central1-addMessage: 1 --> 0"}}
[debug] [2022-08-14T16:06:38.713Z] [worker-pool] addWorker(us-central1-addMessage) {"metadata":{"emulator":{"name":"functions"},"message":"[worker-pool] addWorker(us-central1-addMessage)"}}
[debug] [2022-08-14T16:06:38.714Z] [worker-pool] Adding worker with key us-central1-addMessage, total=1 {"metadata":{"emulator":{"name":"functions"},"message":"[worker-pool] Adding worker with key us-central1-addMessage, total=1"}}
[debug] [2022-08-14T16:06:38.714Z] [worker-pool] submitWork(triggerId=us-central1-addMessage) {"metadata":{"emulator":{"name":"functions"},"message":"[worker-pool] submitWork(triggerId=us-central1-addMessage)"}}
[debug] [2022-08-14T16:06:38.714Z] [worker-us-central1-addMessage-67604d68-3df3-48af-a71b-da2973761d8c]: BUSY {"metadata":{"emulator":{"name":"functions"},"message":"[worker-us-central1-addMessage-67604d68-3df3-48af-a71b-da2973761d8c]: BUSY"}}
[debug] [2022-08-14T16:06:39.561Z] [runtime-status] [15488] Resolved module firebase-admin {"declared":true,"installed":true,"version":"10.3.0","resolution":"C:\\Users\\DLAD\\Desktop\\private\\lms\\functions\\node_modules\\firebase-admin\\lib\\index.js"} {"metadata":{"emulator":{"name":"functions"},"function":{"name":"us-central1-addMessage"},"extension":{},"message":"[runtime-status] [15488] Resolved module firebase-admin {\"declared\":true,\"installed\":true,\"version\":\"10.3.0\",\"resolution\":\"C:\\\\Users\\\\DLAD\\\\Desktop\\\\private\\\\lms\\\\functions\\\\node_modules\\\\firebase-admin\\\\lib\\\\index.js\"}"}}
[debug] [2022-08-14T16:06:39.562Z] [runtime-status] [15488] Resolved module firebase-functions {"declared":true,"installed":true,"version":"3.22.0","resolution":"C:\\Users\\DLAD\\Desktop\\private\\lms\\functions\\node_modules\\firebase-functions\\lib\\index.js"} {"metadata":{"emulator":{"name":"functions"},"function":{"name":"us-central1-addMessage"},"extension":{},"message":"[runtime-status] [15488] Resolved module firebase-functions {\"declared\":true,\"installed\":true,\"version\":\"3.22.0\",\"resolution\":\"C:\\\\Users\\\\DLAD\\\\Desktop\\\\private\\\\lms\\\\functions\\\\node_modules\\\\firebase-functions\\\\lib\\\\index.js\"}"}}
[debug] [2022-08-14T16:06:39.562Z] [runtime-status] [15488] Outgoing network have been stubbed. [{"name":"http","status":"mocked"},{"name":"http","status":"mocked"},{"name":"https","status":"mocked"},{"name":"https","status":"mocked"},{"name":"net","status":"mocked"}] {"metadata":{"emulator":{"name":"functions"},"function":{"name":"us-central1-addMessage"},"extension":{},"message":"[runtime-status] [15488] Outgoing network have been stubbed. [{\"name\":\"http\",\"status\":\"mocked\"},{\"name\":\"http\",\"status\":\"mocked\"},{\"name\":\"https\",\"status\":\"mocked\"},{\"name\":\"https\",\"status\":\"mocked\"},{\"name\":\"net\",\"status\":\"mocked\"}]"}}
[debug] [2022-08-14T16:06:39.564Z] [runtime-status] [15488] Resolved module firebase-functions {"declared":true,"installed":true,"version":"3.22.0","resolution":"C:\\Users\\DLAD\\Desktop\\private\\lms\\functions\\node_modules\\firebase-functions\\lib\\index.js"} {"metadata":{"emulator":{"name":"functions"},"function":{"name":"us-central1-addMessage"},"extension":{},"message":"[runtime-status] [15488] Resolved module firebase-functions {\"declared\":true,\"installed\":true,\"version\":\"3.22.0\",\"resolution\":\"C:\\\\Users\\\\DLAD\\\\Desktop\\\\private\\\\lms\\\\functions\\\\node_modules\\\\firebase-functions\\\\lib\\\\index.js\"}"}}
[debug] [2022-08-14T16:06:39.597Z] [runtime-status] [15488] Checked functions.config() {"config":{}} {"metadata":{"emulator":{"name":"functions"},"function":{"name":"us-central1-addMessage"},"extension":{},"message":"[runtime-status] [15488] Checked functions.config() {\"config\":{}}"}}
[debug] [2022-08-14T16:06:39.597Z] [runtime-status] [15488] firebase-functions has been stubbed. {"functionsResolution":{"declared":true,"installed":true,"version":"3.22.0","resolution":"C:\\Users\\DLAD\\Desktop\\private\\lms\\functions\\node_modules\\firebase-functions\\lib\\index.js"}} {"metadata":{"emulator":{"name":"functions"},"function":{"name":"us-central1-addMessage"},"extension":{},"message":"[runtime-status] [15488] firebase-functions has been stubbed. {\"functionsResolution\":{\"declared\":true,\"installed\":true,\"version\":\"3.22.0\",\"resolution\":\"C:\\\\Users\\\\DLAD\\\\Desktop\\\\private\\\\lms\\\\functions\\\\node_modules\\\\firebase-functions\\\\lib\\\\index.js\"}}"}}
[debug] [2022-08-14T16:06:39.598Z] [runtime-status] [15488] Resolved module firebase-functions {"declared":true,"installed":true,"version":"3.22.0","resolution":"C:\\Users\\DLAD\\Desktop\\private\\lms\\functions\\node_modules\\firebase-functions\\lib\\index.js"} {"metadata":{"emulator":{"name":"functions"},"function":{"name":"us-central1-addMessage"},"extension":{},"message":"[runtime-status] [15488] Resolved module firebase-functions {\"declared\":true,\"installed\":true,\"version\":\"3.22.0\",\"resolution\":\"C:\\\\Users\\\\DLAD\\\\Desktop\\\\private\\\\lms\\\\functions\\\\node_modules\\\\firebase-functions\\\\lib\\\\index.js\"}"}}
[debug] [2022-08-14T16:06:39.598Z] [runtime-status] [15488] Resolved module firebase-admin {"declared":true,"installed":true,"version":"10.3.0","resolution":"C:\\Users\\DLAD\\Desktop\\private\\lms\\functions\\node_modules\\firebase-admin\\lib\\index.js"} {"metadata":{"emulator":{"name":"functions"},"function":{"name":"us-central1-addMessage"},"extension":{},"message":"[runtime-status] [15488] Resolved module firebase-admin {\"declared\":true,\"installed\":true,\"version\":\"10.3.0\",\"resolution\":\"C:\\\\Users\\\\DLAD\\\\Desktop\\\\private\\\\lms\\\\functions\\\\node_modules\\\\firebase-admin\\\\lib\\\\index.js\"}"}}
[debug] [2022-08-14T16:06:39.599Z] [runtime-status] [15488] Resolved module firebase-functions {"declared":true,"installed":true,"version":"3.22.0","resolution":"C:\\Users\\DLAD\\Desktop\\private\\lms\\functions\\node_modules\\firebase-functions\\lib\\index.js"} {"metadata":{"emulator":{"name":"functions"},"function":{"name":"us-central1-addMessage"},"extension":{},"message":"[runtime-status] [15488] Resolved module firebase-functions {\"declared\":true,\"installed\":true,\"version\":\"3.22.0\",\"resolution\":\"C:\\\\Users\\\\DLAD\\\\Desktop\\\\private\\\\lms\\\\functions\\\\node_modules\\\\firebase-functions\\\\lib\\\\index.js\"}"}}
[debug] [2022-08-14T16:06:39.599Z] [runtime-status] [15488] firebase-admin has been stubbed. {"adminResolution":{"declared":true,"installed":true,"version":"10.3.0","resolution":"C:\\Users\\DLAD\\Desktop\\private\\lms\\functions\\node_modules\\firebase-admin\\lib\\index.js"}} {"metadata":{"emulator":{"name":"functions"},"function":{"name":"us-central1-addMessage"},"extension":{},"message":"[runtime-status] [15488] firebase-admin has been stubbed. {\"adminResolution\":{\"declared\":true,\"installed\":true,\"version\":\"10.3.0\",\"resolution\":\"C:\\\\Users\\\\DLAD\\\\Desktop\\\\private\\\\lms\\\\functions\\\\node_modules\\\\firebase-admin\\\\lib\\\\index.js\"}}"}}
[debug] [2022-08-14T16:06:39.599Z] [runtime-status] [15488] Functions runtime initialized. {"cwd":"C:\\Users\\DLAD\\Desktop\\private\\lms\\functions","node_version":"16.14.0"} {"metadata":{"emulator":{"name":"functions"},"function":{"name":"us-central1-addMessage"},"extension":{},"message":"[runtime-status] [15488] Functions runtime initialized. {\"cwd\":\"C:\\\\Users\\\\DLAD\\\\Desktop\\\\private\\\\lms\\\\functions\",\"node_version\":\"16.14.0\"}"}}
[debug] [2022-08-14T16:06:39.602Z] [runtime-status] [15488] initializeApp(DEFAULT) {"storageBucket":"lms-pro-cf49c.appspot.com","projectId":"lms-pro-cf49c"} {"metadata":{"emulator":{"name":"functions"},"function":{"name":"us-central1-addMessage"},"extension":{},"message":"[runtime-status] [15488] initializeApp(DEFAULT) {\"storageBucket\":\"lms-pro-cf49c.appspot.com\",\"projectId\":\"lms-pro-cf49c\"}"}}
[debug] [2022-08-14T16:06:39.602Z] [runtime-status] [15488] Beginning invocation function addMessage! {"metadata":{"emulator":{"name":"functions"},"function":{"name":"us-central1-addMessage"},"extension":{},"message":"[runtime-status] [15488] Beginning invocation function addMessage!"}}
[info] i  functions: Beginning execution of "addMessage" {"metadata":{"emulator":{"name":"functions"},"function":{"name":"us-central1-addMessage"},"extension":{},"message":"Beginning execution of \"addMessage\""}}
[debug] [2022-08-14T16:06:39.605Z] [runtime-status] [15488] Running addMessage in signature http {"metadata":{"emulator":{"name":"functions"},"function":{"name":"us-central1-addMessage"},"extension":{},"message":"[runtime-status] [15488] Running addMessage in signature http"}}
[debug] [2022-08-14T16:06:39.606Z] [runtime-status] [15488] Listening to port: \\?\pipe\fire_emu_8e2a535fa9c9f01e {"metadata":{"emulator":{"name":"functions"},"function":{"name":"us-central1-addMessage"},"extension":{},"message":"[runtime-status] [15488] Listening to port: \\\\?\\pipe\\fire_emu_8e2a535fa9c9f01e"}}
[debug] [2022-08-14T16:06:39.712Z] [functions] Runtime ready! Sending request! {"metadata":{"emulator":{"name":"functions"},"message":"[functions] Runtime ready! Sending request!"}}
[debug] [2022-08-14T16:06:39.712Z] [functions] Got req.url=/lms-pro-cf49c/us-central1/addMessage?text='sdsd', mapping to path=/?text=%27sdsd%27 {"metadata":{"emulator":{"name":"functions"},"message":"[functions] Got req.url=/lms-pro-cf49c/us-central1/addMessage?text='sdsd', mapping to path=/?text=%27sdsd%27"}}
[debug] [2022-08-14T16:06:39.722Z] [runtime-status] [15488] Ephemeral server handling POST request {"metadata":{"emulator":{"name":"functions"},"function":{"name":"us-central1-addMessage"},"extension":{},"message":"[runtime-status] [15488] Ephemeral server handling POST request"}}
[warn] !  Google API requested!
   - URL: "https://oauth2.googleapis.com/token"
   - Be careful, this may be a production service. {"metadata":{"emulator":{"name":"functions"},"function":{"name":"us-central1-addMessage"},"extension":{},"message":"Google API requested!\n   - URL: \"https://oauth2.googleapis.com/token\"\n   - Be careful, this may be a production service."}}
[debug] [2022-08-14T16:06:42.237Z] [runtime-status] [15488] Ephemeral server survived. {"metadata":{"emulator":{"name":"functions"},"function":{"name":"us-central1-addMessage"},"extension":{},"message":"[runtime-status] [15488] Ephemeral server survived."}}
[info] i  functions: Finished "addMessage" in ~2s {"metadata":{"emulator":{"name":"functions"},"function":{"name":"us-central1-addMessage"},"extension":{},"message":"Finished \"addMessage\" in ~2s"}}
[debug] [2022-08-14T16:06:42.239Z] [worker-us-central1-addMessage-67604d68-3df3-48af-a71b-da2973761d8c]: IDLE {"metadata":{"emulator":{"name":"functions"},"message":"[worker-us-central1-addMessage-67604d68-3df3-48af-a71b-da2973761d8c]: IDLE"}}
[debug] [2022-08-14T16:06:42.239Z] [work-queue] {"queueLength":0,"workRunningCount":0}
